<?xml version="1.0" encoding="UTF-8"?>
<!-- Generated by org.testng.reporters.JUnitReportReporter -->
<testsuite hostname="TYSS-Yogita" failures="0" tests="1" name="learningTestNg.RegisterTest" time="1.483" errors="0" timestamp="2023-05-09T17:32:20 IST" skipped="0">
  <testcase classname="learningTestNg.RegisterTest" name="registerTest" time="1.483"/>
  <system-out/>
</testsuite> <!-- learningTestNg.RegisterTest -->
