<?xml version="1.0" encoding="UTF-8"?>
<!-- Generated by org.testng.reporters.JUnitReportReporter -->
<testsuite hostname="TYSS-Yogita" failures="0" tests="1" name="learningTestNg.Learning_Assertions" time="5.181" errors="0" timestamp="2023-05-16T15:39:58 IST" skipped="0">
  <testcase classname="learningTestNg.Learning_Assertions" name="assertionsTest" time="5.181"/>
  <system-out/>
</testsuite> <!-- learningTestNg.Learning_Assertions -->
