<?xml version="1.0" encoding="UTF-8"?>
<!-- Generated by org.testng.reporters.JUnitReportReporter -->
<testsuite hostname="TYSS-Yogita" failures="0" tests="5" name="learningTestNg.Learning_Prioritisation" time="0.010" errors="0" timestamp="2023-05-09T15:49:39 IST" skipped="0">
  <testcase classname="learningTestNg.Learning_Prioritisation" name="registerTest" time="0.006"/>
  <system-out/>
  <testcase classname="learningTestNg.Learning_Prioritisation" name="loginTest" time="0.001"/>
  <system-out/>
  <testcase classname="learningTestNg.Learning_Prioritisation" name="wishlistTest" time="0.001"/>
  <system-out/>
  <testcase classname="learningTestNg.Learning_Prioritisation" name="cartTest" time="0.001"/>
  <system-out/>
  <testcase classname="learningTestNg.Learning_Prioritisation" name="endToEndTC" time="0.001"/>
  <system-out/>
</testsuite> <!-- learningTestNg.Learning_Prioritisation -->
