<?xml version="1.0" encoding="UTF-8"?>
<!-- Generated by org.testng.reporters.JUnitReportReporter -->
<testsuite hostname="TYSS-Yogita" failures="0" tests="1" name="learningTestNg.ChronologicalOrder" time="0.004" errors="0" timestamp="2023-05-08T16:11:19 IST" skipped="0">
  <testcase classname="learningTestNg.ChronologicalOrder" name="testAnnotation" time="0.004"/>
  <system-out/>
</testsuite> <!-- learningTestNg.ChronologicalOrder -->
