<?xml version="1.0" encoding="UTF-8"?>
<!-- Generated by org.testng.reporters.JUnitReportReporter -->
<testsuite hostname="TYSS-Yogita" failures="0" tests="4" name="learningTestNg.Learning_ParallelExecu" time="31.106" errors="0" timestamp="2023-05-09T15:07:11 IST" skipped="0">
  <testcase classname="learningTestNg.Learning_ParallelExecu" name="testCase" time="7.749"/>
  <system-out/>
  <testcase classname="learningTestNg.Learning_ParallelExecu" name="testCase" time="7.681"/>
  <system-out/>
  <testcase classname="learningTestNg.Learning_ParallelExecu" name="testCase" time="7.738"/>
  <system-out/>
  <testcase classname="learningTestNg.Learning_ParallelExecu" name="testCase" time="7.938"/>
  <system-out/>
</testsuite> <!-- learningTestNg.Learning_ParallelExecu -->
