<?xml version="1.0" encoding="UTF-8"?>
<!-- Generated by org.testng.reporters.JUnitReportReporter -->
<testsuite hostname="TYSS-Yogita" failures="0" tests="1" name="learningTestNg.LearningTestAnnotation" time="0.001" errors="0" timestamp="2023-05-08T15:12:43 IST" skipped="0">
  <testcase classname="learningTestNg.LearningTestAnnotation" name="sampleTest" time="0.001"/>
  <system-out/>
</testsuite> <!-- learningTestNg.LearningTestAnnotation -->
