<?xml version="1.0" encoding="UTF-8"?>
<!-- Generated by org.testng.reporters.JUnitReportReporter -->
<testsuite hostname="TYSS-Yogita" failures="0" tests="4" name="learningTestNg.LoginTest" time="22.289" errors="0" timestamp="2023-05-12T17:36:53 IST" skipped="0">
  <testcase classname="learningTestNg.LoginTest" name="loginTest" time="6.007"/>
  <system-out/>
  <testcase classname="learningTestNg.LoginTest" name="loginTest" time="5.397"/>
  <system-out/>
  <testcase classname="learningTestNg.LoginTest" name="loginTest" time="5.524"/>
  <system-out/>
  <testcase classname="learningTestNg.LoginTest" name="loginTest" time="5.361"/>
  <system-out/>
</testsuite> <!-- learningTestNg.LoginTest -->
