<?xml version="1.0" encoding="UTF-8"?>
<!-- Generated by org.testng.reporters.JUnitReportReporter -->
<testsuite hostname="TYSS-Yogita" failures="0" tests="1" name="learningTestNg.SampleTestCase" time="7.995" errors="0" timestamp="2023-05-08T15:12:43 IST" skipped="0">
  <testcase classname="learningTestNg.SampleTestCase" name="testCase1" time="7.995"/>
  <system-out/>
</testsuite> <!-- learningTestNg.SampleTestCase -->
