<?xml version="1.0" encoding="UTF-8"?>
<!-- Generated by org.testng.reporters.JUnitReportReporter -->
<testsuite hostname="TYSS-Yogita" failures="0" tests="1" name="testScripts.LoginTest" time="7.200" errors="0" timestamp="2023-05-18T15:39:12 IST" skipped="0">
  <testcase classname="testScripts.LoginTest" name="loginTest" time="7.200"/>
  <system-out/>
</testsuite> <!-- testScripts.LoginTest -->
